TN:
SF:src/MathBasic/FigureCalculator.js
FN:2,(anonymous_0)
FN:6,(anonymous_1)
FN:19,(anonymous_2)
FN:31,(anonymous_3)
FN:45,(anonymous_4)
FNF:5
FNH:5
FNDA:13,(anonymous_0)
FNDA:7,(anonymous_1)
FNDA:4,(anonymous_2)
FNDA:8,(anonymous_3)
FNDA:7,(anonymous_4)
DA:3,13
DA:7,7
DA:8,3
DA:11,4
DA:12,4
DA:13,3
DA:16,1
DA:20,4
DA:21,3
DA:24,1
DA:25,1
DA:26,0
DA:29,1
DA:32,8
DA:33,4
DA:36,4
DA:37,4
DA:38,3
DA:41,1
DA:46,7
DA:47,3
DA:50,4
DA:51,4
DA:52,3
DA:55,1
DA:61,1
LF:26
LH:25
BRDA:7,0,0,3
BRDA:7,0,1,4
BRDA:12,1,0,3
BRDA:12,1,1,1
BRDA:12,2,0,4
BRDA:12,2,1,1
BRDA:20,3,0,3
BRDA:20,3,1,1
BRDA:25,4,0,0
BRDA:25,4,1,1
BRDA:25,5,0,1
BRDA:25,5,1,1
BRDA:32,6,0,4
BRDA:32,6,1,4
BRDA:37,7,0,3
BRDA:37,7,1,1
BRDA:37,8,0,4
BRDA:37,8,1,1
BRDA:37,8,2,1
BRDA:46,9,0,3
BRDA:46,9,1,4
BRDA:51,10,0,3
BRDA:51,10,1,1
BRDA:51,11,0,4
BRDA:51,11,1,1
BRF:25
BRH:24
end_of_record
TN:
SF:src/MathBasic/MathBasic.js
FN:2,(anonymous_0)
FN:15,(anonymous_1)
FN:28,(anonymous_2)
FN:42,(anonymous_3)
FNF:4
FNH:4
FNDA:13,(anonymous_0)
FNDA:9,(anonymous_1)
FNDA:12,(anonymous_2)
FNDA:10,(anonymous_3)
DA:1,2
DA:3,13
DA:4,4
DA:7,9
DA:9,9
DA:10,3
DA:13,6
DA:16,9
DA:17,3
DA:20,6
DA:22,6
DA:23,3
DA:26,3
DA:29,12
DA:30,3
DA:33,9
DA:35,9
DA:36,3
DA:39,6
DA:43,10
DA:44,3
DA:47,7
DA:48,7
DA:49,3
DA:52,4
DA:56,2
LF:26
LH:26
BRDA:3,0,0,4
BRDA:3,0,1,9
BRDA:9,1,0,3
BRDA:9,1,1,6
BRDA:9,2,0,9
BRDA:9,2,1,6
BRDA:16,3,0,3
BRDA:16,3,1,6
BRDA:22,4,0,3
BRDA:22,4,1,3
BRDA:22,5,0,6
BRDA:22,5,1,3
BRDA:29,6,0,3
BRDA:29,6,1,9
BRDA:35,7,0,3
BRDA:35,7,1,6
BRDA:35,8,0,9
BRDA:35,8,1,6
BRDA:43,9,0,3
BRDA:43,9,1,7
BRDA:48,10,0,3
BRDA:48,10,1,4
BRDA:48,11,0,7
BRDA:48,11,1,4
BRF:24
BRH:24
end_of_record
